<testsuites id="" name="" tests="24" failures="4" skipped="0" errors="0" time="28.100193">
<testsuite name="shopping.spec.ts" timestamp="2025-07-22T18:04:15.963Z" hostname="chromium" tests="6" failures="1" skipped="0" time="24.704" errors="0">
<testcase name="CleanNest - Shopping List › should display shopping section" classname="shopping.spec.ts" time="3.331">
</testcase>
<testcase name="CleanNest - Shopping List › should allow adding shopping items" classname="shopping.spec.ts" time="8.365">
<system-out>
<![CDATA[ℹ️  Shopping item addition test completed with interaction attempts
]]>
</system-out>
</testcase>
<testcase name="CleanNest - Shopping List › should handle product brands and quantities" classname="shopping.spec.ts" time="3.117">
<failure message="shopping.spec.ts:57:7 should handle product brands and quantities" type="FAILURE">
<![CDATA[  [chromium] › shopping.spec.ts:57:7 › CleanNest - Shopping List › should handle product brands and quantities 

    Error: locator.count: Unexpected token "=" while parsing css selector "input[name*="brand"], [data-testid*="brand"], text=brand". Did you mean to CSS.escape it?

      62 |     const quantityElements = page.locator('input[name*="quantity"], [data-testid*="quantity"], input[type="number"]');
      63 |     
    > 64 |     const hasBrandElements = await brandElements.count() > 0;
         |                                                  ^
      65 |     const hasQuantityElements = await quantityElements.count() > 0;
      66 |     
      67 |     if (hasBrandElements) {
        at /Users/cassiamelvin/Downloads/cleaning-nest/tests/shopping.spec.ts:64:50

    attachment #1: screenshot (image/png) ──────────────────────────────────────────────────────────
    ../test-results/shopping-CleanNest---Shopp-5cf31-oduct-brands-and-quantities-chromium/test-failed-1.png
    ────────────────────────────────────────────────────────────────────────────────────────────────

    attachment #2: video (video/webm) ──────────────────────────────────────────────────────────────
    ../test-results/shopping-CleanNest---Shopp-5cf31-oduct-brands-and-quantities-chromium/video.webm
    ────────────────────────────────────────────────────────────────────────────────────────────────

    Error Context: ../test-results/shopping-CleanNest---Shopp-5cf31-oduct-brands-and-quantities-chromium/error-context.md
]]>
</failure>
<system-out>
<![CDATA[
[[ATTACHMENT|shopping-CleanNest---Shopp-5cf31-oduct-brands-and-quantities-chromium/test-failed-1.png]]

[[ATTACHMENT|shopping-CleanNest---Shopp-5cf31-oduct-brands-and-quantities-chromium/video.webm]]

[[ATTACHMENT|shopping-CleanNest---Shopp-5cf31-oduct-brands-and-quantities-chromium/error-context.md]]
]]>
</system-out>
</testcase>
<testcase name="CleanNest - Shopping List › should show purchase completion functionality" classname="shopping.spec.ts" time="3.301">
<system-out>
<![CDATA[ℹ️  No purchase elements found with current selectors
]]>
</system-out>
</testcase>
<testcase name="CleanNest - Shopping List › should handle empty shopping list state" classname="shopping.spec.ts" time="3.251">
<system-out>
<![CDATA[ℹ️  Shopping list state unclear with current selectors
]]>
</system-out>
</testcase>
<testcase name="CleanNest - Shopping List › should allow editing shopping items" classname="shopping.spec.ts" time="3.339">
<system-out>
<![CDATA[ℹ️  No edit elements found with current selectors
]]>
</system-out>
</testcase>
</testsuite>
<testsuite name="shopping.spec.ts" timestamp="2025-07-22T18:04:15.963Z" hostname="firefox" tests="6" failures="1" skipped="0" time="40.739" errors="0">
<testcase name="CleanNest - Shopping List › should display shopping section" classname="shopping.spec.ts" time="4.717">
</testcase>
<testcase name="CleanNest - Shopping List › should allow adding shopping items" classname="shopping.spec.ts" time="10.979">
<system-out>
<![CDATA[ℹ️  Shopping item addition test completed with interaction attempts
]]>
</system-out>
</testcase>
<testcase name="CleanNest - Shopping List › should handle product brands and quantities" classname="shopping.spec.ts" time="7.065">
<failure message="shopping.spec.ts:57:7 should handle product brands and quantities" type="FAILURE">
<![CDATA[  [firefox] › shopping.spec.ts:57:7 › CleanNest - Shopping List › should handle product brands and quantities 

    Error: locator.count: Unexpected token "=" while parsing css selector "input[name*="brand"], [data-testid*="brand"], text=brand". Did you mean to CSS.escape it?

      62 |     const quantityElements = page.locator('input[name*="quantity"], [data-testid*="quantity"], input[type="number"]');
      63 |     
    > 64 |     const hasBrandElements = await brandElements.count() > 0;
         |                                                  ^
      65 |     const hasQuantityElements = await quantityElements.count() > 0;
      66 |     
      67 |     if (hasBrandElements) {
        at /Users/cassiamelvin/Downloads/cleaning-nest/tests/shopping.spec.ts:64:50

    attachment #1: screenshot (image/png) ──────────────────────────────────────────────────────────
    ../test-results/shopping-CleanNest---Shopp-5cf31-oduct-brands-and-quantities-firefox/test-failed-1.png
    ────────────────────────────────────────────────────────────────────────────────────────────────

    attachment #2: video (video/webm) ──────────────────────────────────────────────────────────────
    ../test-results/shopping-CleanNest---Shopp-5cf31-oduct-brands-and-quantities-firefox/video.webm
    ────────────────────────────────────────────────────────────────────────────────────────────────

    Error Context: ../test-results/shopping-CleanNest---Shopp-5cf31-oduct-brands-and-quantities-firefox/error-context.md
]]>
</failure>
<system-out>
<![CDATA[
[[ATTACHMENT|shopping-CleanNest---Shopp-5cf31-oduct-brands-and-quantities-firefox/test-failed-1.png]]

[[ATTACHMENT|shopping-CleanNest---Shopp-5cf31-oduct-brands-and-quantities-firefox/video.webm]]

[[ATTACHMENT|shopping-CleanNest---Shopp-5cf31-oduct-brands-and-quantities-firefox/error-context.md]]
]]>
</system-out>
</testcase>
<testcase name="CleanNest - Shopping List › should show purchase completion functionality" classname="shopping.spec.ts" time="5.216">
<system-out>
<![CDATA[ℹ️  No purchase elements found with current selectors
]]>
</system-out>
</testcase>
<testcase name="CleanNest - Shopping List › should handle empty shopping list state" classname="shopping.spec.ts" time="6.459">
<system-out>
<![CDATA[ℹ️  Shopping list state unclear with current selectors
]]>
</system-out>
</testcase>
<testcase name="CleanNest - Shopping List › should allow editing shopping items" classname="shopping.spec.ts" time="6.303">
<system-out>
<![CDATA[ℹ️  No edit elements found with current selectors
]]>
</system-out>
</testcase>
</testsuite>
<testsuite name="shopping.spec.ts" timestamp="2025-07-22T18:04:15.963Z" hostname="webkit" tests="6" failures="1" skipped="0" time="30.37" errors="0">
<testcase name="CleanNest - Shopping List › should display shopping section" classname="shopping.spec.ts" time="2.899">
</testcase>
<testcase name="CleanNest - Shopping List › should allow adding shopping items" classname="shopping.spec.ts" time="8.514">
<system-out>
<![CDATA[ℹ️  Shopping item addition test completed with interaction attempts
]]>
</system-out>
</testcase>
<testcase name="CleanNest - Shopping List › should handle product brands and quantities" classname="shopping.spec.ts" time="5.345">
<failure message="shopping.spec.ts:57:7 should handle product brands and quantities" type="FAILURE">
<![CDATA[  [webkit] › shopping.spec.ts:57:7 › CleanNest - Shopping List › should handle product brands and quantities 

    Error: locator.count: Unexpected token "=" while parsing css selector "input[name*="brand"], [data-testid*="brand"], text=brand". Did you mean to CSS.escape it?

      62 |     const quantityElements = page.locator('input[name*="quantity"], [data-testid*="quantity"], input[type="number"]');
      63 |     
    > 64 |     const hasBrandElements = await brandElements.count() > 0;
         |                                                  ^
      65 |     const hasQuantityElements = await quantityElements.count() > 0;
      66 |     
      67 |     if (hasBrandElements) {
        at /Users/cassiamelvin/Downloads/cleaning-nest/tests/shopping.spec.ts:64:50

    attachment #1: screenshot (image/png) ──────────────────────────────────────────────────────────
    ../test-results/shopping-CleanNest---Shopp-5cf31-oduct-brands-and-quantities-webkit/test-failed-1.png
    ────────────────────────────────────────────────────────────────────────────────────────────────

    attachment #2: video (video/webm) ──────────────────────────────────────────────────────────────
    ../test-results/shopping-CleanNest---Shopp-5cf31-oduct-brands-and-quantities-webkit/video.webm
    ────────────────────────────────────────────────────────────────────────────────────────────────

    Error Context: ../test-results/shopping-CleanNest---Shopp-5cf31-oduct-brands-and-quantities-webkit/error-context.md
]]>
</failure>
<system-out>
<![CDATA[
[[ATTACHMENT|shopping-CleanNest---Shopp-5cf31-oduct-brands-and-quantities-webkit/test-failed-1.png]]

[[ATTACHMENT|shopping-CleanNest---Shopp-5cf31-oduct-brands-and-quantities-webkit/video.webm]]

[[ATTACHMENT|shopping-CleanNest---Shopp-5cf31-oduct-brands-and-quantities-webkit/error-context.md]]
]]>
</system-out>
</testcase>
<testcase name="CleanNest - Shopping List › should show purchase completion functionality" classname="shopping.spec.ts" time="3.856">
<system-out>
<![CDATA[ℹ️  No purchase elements found with current selectors
]]>
</system-out>
</testcase>
<testcase name="CleanNest - Shopping List › should handle empty shopping list state" classname="shopping.spec.ts" time="4.786">
<system-out>
<![CDATA[ℹ️  Shopping list state unclear with current selectors
]]>
</system-out>
</testcase>
<testcase name="CleanNest - Shopping List › should allow editing shopping items" classname="shopping.spec.ts" time="4.97">
<system-out>
<![CDATA[ℹ️  No edit elements found with current selectors
]]>
</system-out>
</testcase>
</testsuite>
<testsuite name="shopping.spec.ts" timestamp="2025-07-22T18:04:15.963Z" hostname="Mobile Chrome" tests="6" failures="1" skipped="0" time="21.38" errors="0">
<testcase name="CleanNest - Shopping List › should display shopping section" classname="shopping.spec.ts" time="3.522">
</testcase>
<testcase name="CleanNest - Shopping List › should allow adding shopping items" classname="shopping.spec.ts" time="7.885">
<system-out>
<![CDATA[ℹ️  Shopping item addition test completed with interaction attempts
]]>
</system-out>
</testcase>
<testcase name="CleanNest - Shopping List › should handle product brands and quantities" classname="shopping.spec.ts" time="3.064">
<failure message="shopping.spec.ts:57:7 should handle product brands and quantities" type="FAILURE">
<![CDATA[  [Mobile Chrome] › shopping.spec.ts:57:7 › CleanNest - Shopping List › should handle product brands and quantities 

    Error: locator.count: Unexpected token "=" while parsing css selector "input[name*="brand"], [data-testid*="brand"], text=brand". Did you mean to CSS.escape it?

      62 |     const quantityElements = page.locator('input[name*="quantity"], [data-testid*="quantity"], input[type="number"]');
      63 |     
    > 64 |     const hasBrandElements = await brandElements.count() > 0;
         |                                                  ^
      65 |     const hasQuantityElements = await quantityElements.count() > 0;
      66 |     
      67 |     if (hasBrandElements) {
        at /Users/cassiamelvin/Downloads/cleaning-nest/tests/shopping.spec.ts:64:50

    attachment #1: screenshot (image/png) ──────────────────────────────────────────────────────────
    ../test-results/shopping-CleanNest---Shopp-5cf31-oduct-brands-and-quantities-Mobile-Chrome/test-failed-1.png
    ────────────────────────────────────────────────────────────────────────────────────────────────

    attachment #2: video (video/webm) ──────────────────────────────────────────────────────────────
    ../test-results/shopping-CleanNest---Shopp-5cf31-oduct-brands-and-quantities-Mobile-Chrome/video.webm
    ────────────────────────────────────────────────────────────────────────────────────────────────

    Error Context: ../test-results/shopping-CleanNest---Shopp-5cf31-oduct-brands-and-quantities-Mobile-Chrome/error-context.md
]]>
</failure>
<system-out>
<![CDATA[
[[ATTACHMENT|shopping-CleanNest---Shopp-5cf31-oduct-brands-and-quantities-Mobile-Chrome/test-failed-1.png]]

[[ATTACHMENT|shopping-CleanNest---Shopp-5cf31-oduct-brands-and-quantities-Mobile-Chrome/video.webm]]

[[ATTACHMENT|shopping-CleanNest---Shopp-5cf31-oduct-brands-and-quantities-Mobile-Chrome/error-context.md]]
]]>
</system-out>
</testcase>
<testcase name="CleanNest - Shopping List › should show purchase completion functionality" classname="shopping.spec.ts" time="3.456">
<system-out>
<![CDATA[ℹ️  No purchase elements found with current selectors
]]>
</system-out>
</testcase>
<testcase name="CleanNest - Shopping List › should handle empty shopping list state" classname="shopping.spec.ts" time="1.97">
<system-out>
<![CDATA[ℹ️  Shopping list state unclear with current selectors
]]>
</system-out>
</testcase>
<testcase name="CleanNest - Shopping List › should allow editing shopping items" classname="shopping.spec.ts" time="1.483">
<system-out>
<![CDATA[ℹ️  No edit elements found with current selectors
]]>
</system-out>
</testcase>
</testsuite>
</testsuites>